<?xml version="1.0" encoding="UTF-8"?>
<!-- Generated by org.testng.reporters.JUnitReportReporter -->
<testsuite skipped="0" hostname="LAPTOP-974HK0FK" name="Hospital.HealthManagement.EcommerceTest3" tests="2" failures="0" timestamp="2020-04-09T16:21:56 CEST" time="127.384" errors="0">
  <testcase name="TotalValidation" time="73.062" classname="Hospital.HealthManagement.EcommerceTest3"/>
  <system-out/>
  <testcase name="TotalValidation" time="54.322" classname="Hospital.HealthManagement.EcommerceTest3"/>
  <system-out/>
</testsuite> <!-- Hospital.HealthManagement.EcommerceTest3 -->
